<component name="libraryTable">
  <library name="junit-4.13">
    <CLASSES>
      <root url="jar://$USER_HOME$/AmazonSDE/StudentWork/IntmJ/Software/junit-4.13/lib/junit-4.13.jar!/" />
      <root url="jar://$USER_HOME$/AmazonSDE/StudentWork/IntmJ/Software/junit-4.13/lib/hamcrest-core-1.3.jar!/" />
    </CLASSES>
    <JAVADOC />
    <SOURCES />
  </library>
</component>